2025-05-07 10:16:11,006 - __main__ - INFO - Valore iniziale di patience: 10
2025-05-07 10:16:11,985 - __main__ - INFO - Ottimizzatore selezionato: adam
2025-05-07 10:16:11,985 - __main__ - INFO - Funzione di perdita selezionata: Custom
2025-05-07 10:16:11,986 - __main__ - INFO - Funzione di attivazione selezionata: relu
2025-05-07 10:16:11,986 - __main__ - INFO - Regolarizzazione selezionata: None
2025-05-07 10:16:11,987 - __main__ - INFO - Tipo di modello selezionato: dense
2025-05-07 10:16:15,044 - __main__ - INFO - Tentativo di cancellazione modelli per tutte le ruote: ['BA', 'CA', 'FI', 'GE', 'MI', 'NA', 'PA', 'RM', 'TO', 'VE', 'NZ']
2025-05-07 10:16:15,047 - __main__ - INFO - Nessun file modello/info corrispondente trovato da cancellare.
2025-05-07 10:16:15,047 - __main__ - INFO - Applicazione chiusa correttamente.
2025-05-08 13:37:53,203 - __main__ - INFO - Valore iniziale di patience: 10
2025-05-08 13:37:54,407 - __main__ - INFO - Ottimizzatore selezionato: adam
2025-05-08 13:37:54,408 - __main__ - INFO - Funzione di perdita selezionata: Custom
2025-05-08 13:37:54,408 - __main__ - INFO - Funzione di attivazione selezionata: relu
2025-05-08 13:37:54,408 - __main__ - INFO - Regolarizzazione selezionata: None
2025-05-08 13:37:54,409 - __main__ - INFO - Tipo di modello selezionato: dense
2025-05-08 13:38:19,749 - __main__ - INFO - Tentativo di cancellazione modelli per tutte le ruote: ['BA', 'CA', 'FI', 'GE', 'MI', 'NA', 'PA', 'RM', 'TO', 'VE', 'NZ']
2025-05-08 13:38:19,752 - __main__ - INFO - Nessun file modello/info corrispondente trovato da cancellare.
2025-05-08 13:38:19,752 - __main__ - INFO - Applicazione chiusa correttamente.
2025-05-08 14:55:41,143 - __main__ - INFO - Valore iniziale di patience: 10
2025-05-08 14:55:41,999 - __main__ - INFO - Ottimizzatore selezionato: adam
2025-05-08 14:55:41,999 - __main__ - INFO - Funzione di perdita selezionata: Custom
2025-05-08 14:55:42,000 - __main__ - INFO - Funzione di attivazione selezionata: relu
2025-05-08 14:55:42,000 - __main__ - INFO - Regolarizzazione selezionata: None
2025-05-08 14:55:42,000 - __main__ - INFO - Tipo di modello selezionato: dense
2025-05-08 14:55:48,908 - __main__ - INFO - Tentativo di cancellazione modelli per tutte le ruote: ['BA', 'CA', 'FI', 'GE', 'MI', 'NA', 'PA', 'RM', 'TO', 'VE', 'NZ']
2025-05-08 14:55:48,911 - __main__ - INFO - Nessun file modello/info corrispondente trovato da cancellare.
2025-05-08 14:55:48,911 - __main__ - INFO - Applicazione chiusa correttamente.
2025-05-08 15:00:05,398 - __main__ - INFO - Valore iniziale di patience: 10
2025-05-08 15:00:06,225 - __main__ - INFO - Ottimizzatore selezionato: adam
2025-05-08 15:00:06,226 - __main__ - INFO - Funzione di perdita standard selezionata: mean_squared_error
2025-05-08 15:00:06,226 - __main__ - INFO - Funzione di attivazione selezionata: relu
2025-05-08 15:00:06,227 - __main__ - INFO - Regolarizzazione selezionata: None
2025-05-08 15:00:06,227 - __main__ - INFO - Tipo di modello selezionato: dense
2025-05-08 15:00:06,229 - __main__ - INFO - Ottimizzatore selezionato: adam
2025-05-08 15:00:06,229 - __main__ - INFO - Funzione di perdita standard selezionata: mean_squared_error
2025-05-08 15:00:06,230 - __main__ - INFO - Funzione di attivazione selezionata: relu
2025-05-08 15:00:06,230 - __main__ - INFO - Regolarizzazione selezionata: None
2025-05-08 15:00:06,230 - __main__ - INFO - Tipo di modello selezionato: dense
2025-05-08 15:00:14,926 - __main__ - INFO - Applicazione chiusa correttamente.
2025-05-09 09:14:41,084 - __main__ - INFO - Valore iniziale di patience: 10
2025-05-09 09:14:42,242 - __main__ - INFO - Ottimizzatore selezionato: adam
2025-05-09 09:14:42,243 - __main__ - INFO - Funzione di perdita selezionata: Custom
2025-05-09 09:14:42,244 - __main__ - INFO - Funzione di attivazione selezionata: relu
2025-05-09 09:14:42,244 - __main__ - INFO - Regolarizzazione selezionata: None
2025-05-09 09:14:42,244 - __main__ - INFO - Tipo di modello selezionato: dense
2025-05-09 09:15:33,026 - __main__ - INFO - Aggiornamento estrazioni completato con successo.
2025-05-09 09:16:01,551 - __main__ - INFO - Aggiornamento estrazioni completato con successo.
